<?xml version="1.0" encoding="UTF-8"?>
<!-- Generated by org.testng.reporters.JUnitReportReporter -->
<testsuite hostname="ip-172-31-23-93" failures="0" tests="1" name="registertest.Registertestcase" time="213.336" errors="0" timestamp="2023-07-07T10:18:32 UTC" skipped="0">
  <testcase classname="registertest.Registertestcase" name="launchpage" time="213.336"/>
</testsuite> <!-- registertest.Registertestcase -->
