<?xml version="1.0" encoding="UTF-8"?>
<!-- Generated by org.testng.reporters.JUnitReportReporter -->
<testsuite hostname="ip-172-31-23-93" failures="0" tests="1" name="pom.LoginPagetest" time="3.641" errors="0" timestamp="2023-07-05T16:56:52 UTC" skipped="0">
  <testcase classname="pom.LoginPagetest" name="loginpage" time="3.641"/>
</testsuite> <!-- pom.LoginPagetest -->
