<?xml version="1.0" encoding="UTF-8"?>
<!-- Generated by org.testng.reporters.JUnitReportReporter -->
<testsuite hostname="ip-172-31-23-93" failures="0" tests="1" name="user_testcase.Usertestcase" time="88.415" errors="0" timestamp="2023-07-07T13:13:08 UTC" skipped="0">
  <testcase classname="user_testcase.Usertestcase" name="launchurl" time="88.415"/>
</testsuite> <!-- user_testcase.Usertestcase -->
