<?xml version="1.0" encoding="UTF-8"?>
<!-- Generated by org.testng.reporters.JUnitReportReporter -->
<testsuite hostname="ip-172-31-23-93" failures="0" tests="1" name="medicare_testcase.Adminedittestcase" time="5.461" errors="0" timestamp="2023-07-06T11:22:52 UTC" skipped="0">
  <testcase classname="medicare_testcase.Adminedittestcase" name="launchpage" time="5.461"/>
</testsuite> <!-- medicare_testcase.Adminedittestcase -->
